<?xml version="1.0" encoding="UTF-8"?>
<!-- Generated by org.testng.reporters.JUnitReportReporter -->
<testsuite hostname="AHLPT2208063-N" failures="0" tests="12" name="test_case.Login_Test_Data" time="100.512" errors="0" timestamp="2025-10-01T11:33:21 IST" skipped="0">
  <testcase classname="test_case.Login_Test_Data" name="logoutMainUser" time="0.428">
    <system-out>
      <![CDATA[Test Case Started : logoutMainUser
Test Case Success : 1]]>
    </system-out>
  </testcase> <!-- logoutMainUser -->
  <testcase classname="test_case.Login_Test_Data" name="Login_Test" time="13.237">
    <system-out>
      <![CDATA[Test Case Started : Login_Test
Test Case Success : 1]]>
    </system-out>
  </testcase> <!-- Login_Test -->
  <testcase classname="test_case.Login_Test_Data" name="Login_Test" time="10.248">
    <system-out>
      <![CDATA[Test Case Started : Login_Test
Test Case Success : 1]]>
    </system-out>
  </testcase> <!-- Login_Test -->
  <testcase classname="test_case.Login_Test_Data" name="Login_Test" time="12.781">
    <system-out>
      <![CDATA[Test Case Started : Login_Test
Test Case Success : 1]]>
    </system-out>
  </testcase> <!-- Login_Test -->
  <testcase classname="test_case.Login_Test_Data" name="Login_Test" time="10.294">
    <system-out>
      <![CDATA[Test Case Started : Login_Test
Test Case Success : 1]]>
    </system-out>
  </testcase> <!-- Login_Test -->
  <testcase classname="test_case.Login_Test_Data" name="Block_User" time="10.275">
    <system-out>
      <![CDATA[Test Case Started : Block_User
Test Case Success : 1]]>
    </system-out>
  </testcase> <!-- Block_User -->
  <testcase classname="test_case.Login_Test_Data" name="Block_User" time="1.327">
    <system-out>
      <![CDATA[Test Case Started : Block_User
Test Case Success : 1]]>
    </system-out>
  </testcase> <!-- Block_User -->
  <testcase classname="test_case.Login_Test_Data" name="Block_User" time="10.245">
    <system-out>
      <![CDATA[Test Case Started : Block_User
Test Case Success : 1]]>
    </system-out>
  </testcase> <!-- Block_User -->
  <testcase classname="test_case.Login_Test_Data" name="Block_User" time="10.246">
    <system-out>
      <![CDATA[Test Case Started : Block_User
Test Case Success : 1]]>
    </system-out>
  </testcase> <!-- Block_User -->
  <testcase classname="test_case.Login_Test_Data" name="Block_User" time="10.241">
    <system-out>
      <![CDATA[Test Case Started : Block_User
Test Case Success : 1]]>
    </system-out>
  </testcase> <!-- Block_User -->
  <testcase classname="test_case.Login_Test_Data" name="Block_User" time="10.285">
    <system-out>
      <![CDATA[Test Case Started : Block_User
Test Case Success : 1]]>
    </system-out>
  </testcase> <!-- Block_User -->
  <testcase classname="test_case.Login_Test_Data" name="MainUserLogin" time="0.905">
    <system-out>
      <![CDATA[Test Case Started : MainUserLogin
Test Case Success : 1]]>
    </system-out>
  </testcase> <!-- MainUserLogin -->
  <system-out>
    <![CDATA[Test Case Started : Login_Data
Test Case Success : 1
Test Case Started : logoutMainUser
Test Case Success : 1
Test Case Started : Login_Test
Test Case Success : 1
Test Case Started : Login_Test
Test Case Success : 1
Test Case Started : Login_Test
Test Case Success : 1
Test Case Started : Login_Test
Test Case Success : 1
Test Case Started : Block_User
Test Case Success : 1
Test Case Started : Block_User
Test Case Success : 1
Test Case Started : Block_User
Test Case Success : 1
Test Case Started : Block_User
Test Case Success : 1
Test Case Started : Block_User
Test Case Success : 1
Test Case Started : Block_User
Test Case Success : 1
Test Case Started : MainUserLogin
Test Case Success : 1
Test Case Started : Add_Group
Test Case Success : 1
Test Case Started : Add_Role
Test Case Success : 1
Test Case Started : Add_User
Test Case Failure : 2]]>
  </system-out>
</testsuite> <!-- test_case.Login_Test_Data -->
