<?xml version="1.0" encoding="UTF-8"?>
<!-- Generated by org.testng.reporters.JUnitReportReporter -->
<testsuite hostname="AHLPT2208063-N" failures="0" tests="1" name="test_case.Login" time="1.176" errors="0" timestamp="2025-10-06T16:56:39 IST" skipped="0">
  <testcase classname="test_case.Login" name="Login_Data" time="1.176">
    <system-out>
      <![CDATA[Test Case Started : Login_Data
Test Case Success : 1]]>
    </system-out>
  </testcase> <!-- Login_Data -->
  <system-out>
    <![CDATA[Test Case Started : Login_Data
Test Case Success : 1
Test Case Started : Add_Group
Test Case Success : 1
Test Case Started : view_Group
Test Case Success : 1
Test Case Started : edit_Group
Test Case Success : 1
Test Case Started : delete_Group
Test Case Success : 1
Test Case Started : Add_Role
Test Case Success : 1
Test Case Started : view_Role
Test Case Success : 1
Test Case Started : edit_Role
Test Case Success : 1
Test Case Started : delete_Role
Test Case Success : 1
Test Case Started : Add_User
Test Case Success : 1
Test Case Started : view_User
Test Case Success : 1
Test Case Started : edit_User
Test Case Success : 1
Test Case Started : delete_User
Test Case Success : 1]]>
  </system-out>
</testsuite> <!-- test_case.Login -->
