<?xml version="1.0" encoding="UTF-8"?>
<!-- Generated by org.testng.reporters.JUnitReportReporter -->
<testsuite hostname="AHLPT2208063-N" failures="0" tests="12" name="test_case.Login_Test_Data" time="106.071" errors="0" timestamp="2025-10-31T15:13:56 IST" skipped="0">
  <testcase classname="test_case.Login_Test_Data" name="logoutMainUser" time="6.633">
    <system-out>
      <![CDATA[Test Case Started : logoutMainUser
Test Case Success : 1]]>
    </system-out>
  </testcase> <!-- logoutMainUser -->
  <testcase classname="test_case.Login_Test_Data" name="Login_Test" time="9.326">
    <system-out>
      <![CDATA[Test Case Started : Login_Test
Test Case Success : 1]]>
    </system-out>
  </testcase> <!-- Login_Test -->
  <testcase classname="test_case.Login_Test_Data" name="Login_Test" time="10.399">
    <system-out>
      <![CDATA[Test Case Started : Login_Test
Test Case Success : 1]]>
    </system-out>
  </testcase> <!-- Login_Test -->
  <testcase classname="test_case.Login_Test_Data" name="Login_Test" time="9.371">
    <system-out>
      <![CDATA[Test Case Started : Login_Test
Test Case Success : 1]]>
    </system-out>
  </testcase> <!-- Login_Test -->
  <testcase classname="test_case.Login_Test_Data" name="Login_Test" time="9.350">
    <system-out>
      <![CDATA[Test Case Started : Login_Test
Test Case Success : 1]]>
    </system-out>
  </testcase> <!-- Login_Test -->
  <testcase classname="test_case.Login_Test_Data" name="Block_User" time="9.292">
    <system-out>
      <![CDATA[Test Case Started : Block_User
Test Case Success : 1]]>
    </system-out>
  </testcase> <!-- Block_User -->
  <testcase classname="test_case.Login_Test_Data" name="Block_User" time="9.476">
    <system-out>
      <![CDATA[Test Case Started : Block_User
Test Case Success : 1]]>
    </system-out>
  </testcase> <!-- Block_User -->
  <testcase classname="test_case.Login_Test_Data" name="Block_User" time="9.319">
    <system-out>
      <![CDATA[Test Case Started : Block_User
Test Case Success : 1]]>
    </system-out>
  </testcase> <!-- Block_User -->
  <testcase classname="test_case.Login_Test_Data" name="Block_User" time="9.362">
    <system-out>
      <![CDATA[Test Case Started : Block_User
Test Case Success : 1]]>
    </system-out>
  </testcase> <!-- Block_User -->
  <testcase classname="test_case.Login_Test_Data" name="Block_User" time="10.335">
    <system-out>
      <![CDATA[Test Case Started : Block_User
Test Case Success : 1]]>
    </system-out>
  </testcase> <!-- Block_User -->
  <testcase classname="test_case.Login_Test_Data" name="Block_User" time="9.365">
    <system-out>
      <![CDATA[Test Case Started : Block_User
Test Case Success : 1]]>
    </system-out>
  </testcase> <!-- Block_User -->
  <testcase classname="test_case.Login_Test_Data" name="MainUserLogin" time="3.843">
    <system-out>
      <![CDATA[Test Case Started : MainUserLogin
Test Case Success : 1]]>
    </system-out>
  </testcase> <!-- MainUserLogin -->
  <system-out>
    <![CDATA[Test Case Started : Login_Data
Test Case Success : 1
Test Case Started : logoutMainUser
Test Case Success : 1
Test Case Started : Login_Test
Test Case Success : 1
Test Case Started : Login_Test
Test Case Success : 1
Test Case Started : Login_Test
Test Case Success : 1
Test Case Started : Login_Test
Test Case Success : 1
Test Case Started : Block_User
Test Case Success : 1
Test Case Started : Block_User
Test Case Success : 1
Test Case Started : Block_User
Test Case Success : 1
Test Case Started : Block_User
Test Case Success : 1
Test Case Started : Block_User
Test Case Success : 1
Test Case Started : Block_User
Test Case Success : 1
Test Case Started : MainUserLogin
Test Case Success : 1
Test Case Started : Add_Group
Test Case Success : 1
Test Case Started : view_Group
Test Case Success : 1
Test Case Started : edit_Group
Test Case Success : 1
Test Case Started : delete_Group
Test Case Success : 1
Test Case Started : Add_Role
Test Case Success : 1
Test Case Started : view_Role
Test Case Success : 1
Test Case Started : edit_Role
Test Case Success : 1
Test Case Started : delete_Role
Test Case Success : 1
Test Case Started : Add_User
Test Case Success : 1
Test Case Started : view_User
Test Case Failure : 2
Test Case Started : edit_User
Test Case Started : delete_User
Test Case Started : logoutUser
Test Case Success : 1]]>
  </system-out>
</testsuite> <!-- test_case.Login_Test_Data -->
