<?xml version="1.0" encoding="UTF-8"?>
<!-- Generated by org.testng.reporters.JUnitReportReporter -->
<testsuite hostname="AHLPT2208063-N" failures="0" tests="12" name="test_case.Login_Test_Data" time="99.074" errors="0" timestamp="2025-10-06T17:56:20 IST" skipped="0">
  <testcase classname="test_case.Login_Test_Data" name="logoutMainUser" time="0.414">
    <system-out>
      <![CDATA[Test Case Started : logoutMainUser
Test Case Success : 1]]>
    </system-out>
  </testcase> <!-- logoutMainUser -->
  <testcase classname="test_case.Login_Test_Data" name="Login_Test" time="10.248">
    <system-out>
      <![CDATA[Test Case Started : Login_Test
Test Case Success : 1]]>
    </system-out>
  </testcase> <!-- Login_Test -->
  <testcase classname="test_case.Login_Test_Data" name="Login_Test" time="10.244">
    <system-out>
      <![CDATA[Test Case Started : Login_Test
Test Case Success : 1]]>
    </system-out>
  </testcase> <!-- Login_Test -->
  <testcase classname="test_case.Login_Test_Data" name="Login_Test" time="13.287">
    <system-out>
      <![CDATA[Test Case Started : Login_Test
Test Case Success : 1]]>
    </system-out>
  </testcase> <!-- Login_Test -->
  <testcase classname="test_case.Login_Test_Data" name="Login_Test" time="10.293">
    <system-out>
      <![CDATA[Test Case Started : Login_Test
Test Case Success : 1]]>
    </system-out>
  </testcase> <!-- Login_Test -->
  <testcase classname="test_case.Login_Test_Data" name="Block_User" time="10.607">
    <system-out>
      <![CDATA[Test Case Started : Block_User
Test Case Success : 1]]>
    </system-out>
  </testcase> <!-- Block_User -->
  <testcase classname="test_case.Login_Test_Data" name="Block_User" time="1.834">
    <system-out>
      <![CDATA[Test Case Started : Block_User
Test Case Success : 1]]>
    </system-out>
  </testcase> <!-- Block_User -->
  <testcase classname="test_case.Login_Test_Data" name="Block_User" time="10.322">
    <system-out>
      <![CDATA[Test Case Started : Block_User
Test Case Success : 1]]>
    </system-out>
  </testcase> <!-- Block_User -->
  <testcase classname="test_case.Login_Test_Data" name="Block_User" time="10.294">
    <system-out>
      <![CDATA[Test Case Started : Block_User
Test Case Success : 1]]>
    </system-out>
  </testcase> <!-- Block_User -->
  <testcase classname="test_case.Login_Test_Data" name="Block_User" time="10.293">
    <system-out>
      <![CDATA[Test Case Started : Block_User
Test Case Success : 1]]>
    </system-out>
  </testcase> <!-- Block_User -->
  <testcase classname="test_case.Login_Test_Data" name="Block_User" time="10.264">
    <system-out>
      <![CDATA[Test Case Started : Block_User
Test Case Success : 1]]>
    </system-out>
  </testcase> <!-- Block_User -->
  <testcase classname="test_case.Login_Test_Data" name="MainUserLogin" time="0.974">
    <system-out>
      <![CDATA[Test Case Started : MainUserLogin
Test Case Success : 1]]>
    </system-out>
  </testcase> <!-- MainUserLogin -->
  <system-out>
    <![CDATA[Test Case Started : Login_Data
Test Case Success : 1
Test Case Started : logoutMainUser
Test Case Success : 1
Test Case Started : Login_Test
Test Case Success : 1
Test Case Started : Login_Test
Test Case Success : 1
Test Case Started : Login_Test
Test Case Success : 1
Test Case Started : Login_Test
Test Case Success : 1
Test Case Started : Block_User
Test Case Success : 1
Test Case Started : Block_User
Test Case Success : 1
Test Case Started : Block_User
Test Case Success : 1
Test Case Started : Block_User
Test Case Success : 1
Test Case Started : Block_User
Test Case Success : 1
Test Case Started : Block_User
Test Case Success : 1
Test Case Started : MainUserLogin
Test Case Success : 1
Test Case Started : Add_Group
Test Case Success : 1
Test Case Started : view_Group
Test Case Success : 1
Test Case Started : edit_Group
Test Case Success : 1
Test Case Started : delete_Group
Test Case Success : 1
Test Case Started : Add_Role
Test Case Success : 1
Test Case Started : view_Role
Test Case Success : 1
Test Case Started : edit_Role
Test Case Success : 1
Test Case Started : delete_Role
Test Case Success : 1
Test Case Started : Add_User
Test Case Success : 1
Test Case Started : view_User
Test Case Success : 1
Test Case Started : edit_User
Test Case Success : 1
Test Case Started : delete_User
Test Case Success : 1]]>
  </system-out>
</testsuite> <!-- test_case.Login_Test_Data -->
