<?xml version="1.0" encoding="UTF-8"?>
<!-- Generated by org.testng.reporters.JUnitReportReporter -->
<testsuite hostname="AHLPT2208063-N" failures="0" tests="12" name="test_case.Access_permissions" time="341.206" errors="0" timestamp="2025-10-06T16:56:39 IST" skipped="0">
  <testcase classname="test_case.Access_permissions" name="Add_Group" time="42.232">
    <system-out>
      <![CDATA[Test Case Started : Add_Group
Test Case Success : 1]]>
    </system-out>
  </testcase> <!-- Add_Group -->
  <testcase classname="test_case.Access_permissions" name="view_Group" time="21.206">
    <system-out>
      <![CDATA[Test Case Started : view_Group
Test Case Success : 1]]>
    </system-out>
  </testcase> <!-- view_Group -->
  <testcase classname="test_case.Access_permissions" name="edit_Group" time="21.315">
    <system-out>
      <![CDATA[Test Case Started : edit_Group
Test Case Success : 1]]>
    </system-out>
  </testcase> <!-- edit_Group -->
  <testcase classname="test_case.Access_permissions" name="delete_Group" time="21.151">
    <system-out>
      <![CDATA[Test Case Started : delete_Group
Test Case Success : 1]]>
    </system-out>
  </testcase> <!-- delete_Group -->
  <testcase classname="test_case.Access_permissions" name="Add_Role" time="73.342">
    <system-out>
      <![CDATA[Test Case Started : Add_Role
Test Case Success : 1]]>
    </system-out>
  </testcase> <!-- Add_Role -->
  <testcase classname="test_case.Access_permissions" name="view_Role" time="21.034">
    <system-out>
      <![CDATA[Test Case Started : view_Role
Test Case Success : 1]]>
    </system-out>
  </testcase> <!-- view_Role -->
  <testcase classname="test_case.Access_permissions" name="edit_Role" time="21.664">
    <system-out>
      <![CDATA[Test Case Started : edit_Role
Test Case Success : 1]]>
    </system-out>
  </testcase> <!-- edit_Role -->
  <testcase classname="test_case.Access_permissions" name="delete_Role" time="21.043">
    <system-out>
      <![CDATA[Test Case Started : delete_Role
Test Case Success : 1]]>
    </system-out>
  </testcase> <!-- delete_Role -->
  <testcase classname="test_case.Access_permissions" name="Add_User" time="34.704">
    <system-out>
      <![CDATA[Test Case Started : Add_User
Test Case Success : 1]]>
    </system-out>
  </testcase> <!-- Add_User -->
  <testcase classname="test_case.Access_permissions" name="view_User" time="21.012">
    <system-out>
      <![CDATA[Test Case Started : view_User
Test Case Success : 1]]>
    </system-out>
  </testcase> <!-- view_User -->
  <testcase classname="test_case.Access_permissions" name="edit_User" time="21.353">
    <system-out>
      <![CDATA[Test Case Started : edit_User
Test Case Success : 1]]>
    </system-out>
  </testcase> <!-- edit_User -->
  <testcase classname="test_case.Access_permissions" name="delete_User" time="21.150">
    <system-out>
      <![CDATA[Test Case Started : delete_User
Test Case Success : 1]]>
    </system-out>
  </testcase> <!-- delete_User -->
  <system-out>
    <![CDATA[Test Case Started : Login_Data
Test Case Success : 1
Test Case Started : Add_Group
Test Case Success : 1
Test Case Started : view_Group
Test Case Success : 1
Test Case Started : edit_Group
Test Case Success : 1
Test Case Started : delete_Group
Test Case Success : 1
Test Case Started : Add_Role
Test Case Success : 1
Test Case Started : view_Role
Test Case Success : 1
Test Case Started : edit_Role
Test Case Success : 1
Test Case Started : delete_Role
Test Case Success : 1
Test Case Started : Add_User
Test Case Success : 1
Test Case Started : view_User
Test Case Success : 1
Test Case Started : edit_User
Test Case Success : 1
Test Case Started : delete_User
Test Case Success : 1]]>
  </system-out>
</testsuite> <!-- test_case.Access_permissions -->
