<?xml version="1.0" encoding="UTF-8"?>
<!-- Generated by org.testng.reporters.JUnitReportReporter -->
<testsuite hostname="AHLPT2208063-N" failures="0" tests="12" name="test_case.Access_permissions" time="337.344" errors="0" timestamp="2025-10-29T19:13:24 IST" skipped="0">
  <testcase classname="test_case.Access_permissions" name="Add_Group" time="41.476">
    <system-out>
      <![CDATA[Test Case Started : Add_Group
Test Case Success : 1]]>
    </system-out>
  </testcase> <!-- Add_Group -->
  <testcase classname="test_case.Access_permissions" name="view_Group" time="20.681">
    <system-out>
      <![CDATA[Test Case Started : view_Group
Test Case Success : 1]]>
    </system-out>
  </testcase> <!-- view_Group -->
  <testcase classname="test_case.Access_permissions" name="edit_Group" time="20.634">
    <system-out>
      <![CDATA[Test Case Started : edit_Group
Test Case Success : 1]]>
    </system-out>
  </testcase> <!-- edit_Group -->
  <testcase classname="test_case.Access_permissions" name="delete_Group" time="20.656">
    <system-out>
      <![CDATA[Test Case Started : delete_Group
Test Case Success : 1]]>
    </system-out>
  </testcase> <!-- delete_Group -->
  <testcase classname="test_case.Access_permissions" name="Add_Role" time="72.382">
    <system-out>
      <![CDATA[Test Case Started : Add_Role
Test Case Success : 1]]>
    </system-out>
  </testcase> <!-- Add_Role -->
  <testcase classname="test_case.Access_permissions" name="view_Role" time="20.609">
    <system-out>
      <![CDATA[Test Case Started : view_Role
Test Case Success : 1]]>
    </system-out>
  </testcase> <!-- view_Role -->
  <testcase classname="test_case.Access_permissions" name="edit_Role" time="20.722">
    <system-out>
      <![CDATA[Test Case Started : edit_Role
Test Case Success : 1]]>
    </system-out>
  </testcase> <!-- edit_Role -->
  <testcase classname="test_case.Access_permissions" name="delete_Role" time="20.577">
    <system-out>
      <![CDATA[Test Case Started : delete_Role
Test Case Success : 1]]>
    </system-out>
  </testcase> <!-- delete_Role -->
  <testcase classname="test_case.Access_permissions" name="Add_User" time="31.455">
    <system-out>
      <![CDATA[Test Case Started : Add_User
Test Case Success : 1]]>
    </system-out>
  </testcase> <!-- Add_User -->
  <testcase classname="test_case.Access_permissions" name="view_User" time="26.841">
    <system-out>
      <![CDATA[Test Case Started : view_User
Test Case Success : 1]]>
    </system-out>
  </testcase> <!-- view_User -->
  <testcase classname="test_case.Access_permissions" name="edit_User" time="20.688">
    <system-out>
      <![CDATA[Test Case Started : edit_User
Test Case Success : 1]]>
    </system-out>
  </testcase> <!-- edit_User -->
  <testcase classname="test_case.Access_permissions" name="delete_User" time="20.623">
    <system-out>
      <![CDATA[Test Case Started : delete_User
Test Case Success : 1]]>
    </system-out>
  </testcase> <!-- delete_User -->
  <system-out>
    <![CDATA[Test Case Started : Login_Data
Test Case Success : 1
Test Case Started : logoutMainUser
Test Case Success : 1
Test Case Started : Login_Test
Test Case Success : 1
Test Case Started : Login_Test
Test Case Success : 1
Test Case Started : Login_Test
Test Case Success : 1
Test Case Started : Login_Test
Test Case Success : 1
Test Case Started : Block_User
Test Case Success : 1
Test Case Started : Block_User
Test Case Success : 1
Test Case Started : Block_User
Test Case Success : 1
Test Case Started : Block_User
Test Case Success : 1
Test Case Started : Block_User
Test Case Success : 1
Test Case Started : Block_User
Test Case Success : 1
Test Case Started : MainUserLogin
Test Case Success : 1
Test Case Started : Add_Group
Test Case Success : 1
Test Case Started : view_Group
Test Case Success : 1
Test Case Started : edit_Group
Test Case Success : 1
Test Case Started : delete_Group
Test Case Success : 1
Test Case Started : Add_Role
Test Case Success : 1
Test Case Started : view_Role
Test Case Success : 1
Test Case Started : edit_Role
Test Case Success : 1
Test Case Started : delete_Role
Test Case Success : 1
Test Case Started : Add_User
Test Case Success : 1
Test Case Started : view_User
Test Case Success : 1
Test Case Started : edit_User
Test Case Success : 1
Test Case Started : delete_User
Test Case Success : 1
Test Case Started : logoutUser
Test Case Success : 1]]>
  </system-out>
</testsuite> <!-- test_case.Access_permissions -->
