<?xml version="1.0" encoding="UTF-8"?>
<!-- Generated by org.testng.reporters.JUnitReportReporter -->
<testsuite hostname="AHLPT2208063-N" failures="0" tests="1" name="test_case.Login" time="0.989" errors="0" timestamp="2025-09-22T16:19:55 IST" skipped="0">
  <testcase classname="test_case.Login" name="Login_Data" time="0.989">
    <system-out>
      <![CDATA[Test Case Started : Login_Data
Test Case Success : 1]]>
    </system-out>
  </testcase> <!-- Login_Data -->
  <system-out>
    <![CDATA[Test Case Started : Login_Data
Test Case Success : 1
Test Case Started : Add_Group
Test Case Failure : 2
Test Case Started : Add_Role
Test Case Failure : 2
Test Case Started : Add_User
Test Case Success : 1]]>
  </system-out>
</testsuite> <!-- test_case.Login -->
